Arguments: 
  C:\Program Files\nodejs\node.exe C:\Users\tomij\AppData\Roaming\npm\node_modules\yarn\bin\yarn.js init

PATH: 
  C:\Program Files\Git\mingw64\bin;C:\Program Files\Git\usr\bin;C:\Users\tomij\bin;C:\Python39\Scripts;C:\Python39;C:\Windows\system32;C:\Windows;C:\Windows\System32\Wbem;C:\Windows\System32\WindowsPowerShell\v1.0;C:\Windows\System32\OpenSSH;C:\Program Files (x86)\NVIDIA Corporation\PhysX\Common;C:\Program Files\NVIDIA Corporation\NVIDIA NvDLISR;C:\Program Files\PuTTY;C:\Program Files\nodejs;C:\ProgramData\chocolatey\bin;C:\Program Files\Git\cmd;C:\Users\tomij\AppData\Local\Microsoft\WindowsApps;C:\Users\tomij\AppData\Local\Programs\Microsoft VS Code\bin;C:\Users\tomij\AppData\Roaming\npm

Yarn version: 
  1.22.10

Node version: 
  15.9.0

Platform: 
  win32 x64

Trace: 
  Error: canceled
      at Interface.<anonymous> (C:\Users\tomij\AppData\Roaming\npm\node_modules\yarn\lib\cli.js:136216:13)
      at Interface.emit (node:events:378:20)
      at Interface._ttyWrite (node:readline:973:16)
      at ReadStream.onkeypress (node:readline:259:10)
      at ReadStream.emit (node:events:378:20)
      at emitKeys (node:internal/readline/utils:358:14)
      at emitKeys.next (<anonymous>)
      at ReadStream.onData (node:readline:1242:36)
      at ReadStream.emit (node:events:378:20)
      at addChunk (node:internal/streams/readable:313:12)

npm manifest: 
  {
  	"name": "gidiguru",
  	"version": "0.0.1",
  	"scripts": {
  		"dev": "svelte-kit dev",
  		"build": "svelte-kit build",
  		"start": "svelte-kit start",
  		"lint": "prettier --check . && eslint .",
  		"format": "prettier --write ."
  	},
  	"devDependencies": {
  		"@sveltejs/adapter-netlify": "^1.0.0-next.4",
  		"@sveltejs/adapter-node": "next",
  		"@sveltejs/adapter-static": "^1.0.0-next.4",
  		"@sveltejs/kit": "next",
  		"eslint": "^7.22.0",
  		"eslint-config-prettier": "^8.1.0",
  		"eslint-plugin-svelte3": "^3.1.0",
  		"prettier": "~2.2.1",
  		"prettier-plugin-svelte": "^2.2.0",
  		"svelte": "^3.29.0",
  		"vite": "^2.1.0"
  	},
  	"type": "module",
  	"engines": {
  		"node": ">= 12.17.0"
  	}
  }

yarn manifest: 
  No manifest

Lockfile: 
  No lockfile
